[ERROR] 2023-11-06 12:19:49 - Array
(
    [0] => Phinx migrations encountered an error.
    [Command: ] => C:\laragon\www\Test-Site-Wordpress\wp-content\plugins\study-planner-pro/vendor/bin/phinx migrate -c phinx.php
    [Output: ] => Array
        (
            [0] => Phinx by CakePHP - https://phinx.org.
            [1] => 
        )

    [Return Var: ] => 1
)

[ERROR] 2023-11-06 12:19:54 - Array
(
    [0] => Phinx migrations encountered an error.
    [Command: ] => C:\laragon\www\Test-Site-Wordpress\wp-content\plugins\study-planner-pro/vendor/bin/phinx migrate -c phinx.php
    [Output: ] => Array
        (
            [0] => Phinx by CakePHP - https://phinx.org.
            [1] => 
        )

    [Return Var: ] => 1
)

[ERROR] 2023-11-06 12:19:56 - Array
(
    [0] => Phinx migrations encountered an error.
    [Command: ] => C:\laragon\www\Test-Site-Wordpress\wp-content\plugins\study-planner-pro/vendor/bin/phinx migrate -c phinx.php
    [Output: ] => Array
        (
            [0] => Phinx by CakePHP - https://phinx.org.
            [1] => 
        )

    [Return Var: ] => 1
)

[ERROR] 2023-11-06 12:19:58 - Array
(
    [0] => Phinx migrations encountered an error.
    [Command: ] => C:\laragon\www\Test-Site-Wordpress\wp-content\plugins\study-planner-pro/vendor/bin/phinx migrate -c phinx.php
    [Output: ] => Array
        (
            [0] => Phinx by CakePHP - https://phinx.org.
            [1] => 
        )

    [Return Var: ] => 1
)

[ERROR] 2023-11-06 12:21:12 - Array
(
    [0] => Phinx migrations encountered an error.
    [Command: ] => C:\laragon\www\Test-Site-Wordpress\wp-content\plugins\study-planner-pro/vendor/bin/phinx migrate -c phinx.php
    [Output: ] => Array
        (
            [0] => Phinx by CakePHP - https://phinx.org.
            [1] => 
        )

    [Return Var: ] => 1
)

[ERROR] 2023-11-06 12:22:55 - Array
(
    [0] => Phinx migrations encountered an error.
    [Command: ] => C:\laragon\www\Test-Site-Wordpress\wp-content\plugins\study-planner-pro/vendor/bin/phinx migrate -c phinx.php
    [Output: ] => Array
        (
            [0] => Phinx by CakePHP - https://phinx.org.
            [1] => 
        )

    [Return Var: ] => 1
)

[LOG][][-][StudyPlannerPro\phinx_migrate][54][2023-11-19 09:38:09] - Phinx migrations encountered an error.[LOG][][-][StudyPlannerPro\phinx_migrate][54][2023-11-19 09:38:11] - Phinx migrations encountered an error.[LOG][][-][StudyPlannerPro\phinx_migrate][54][2023-11-19 09:38:21] - Phinx migrations encountered an error.[LOG][][-][StudyPlannerPro\phinx_migrate][54][2023-11-19 09:38:21] - Phinx migrations encountered an error.[LOG][][-][StudyPlannerPro\phinx_migrate][54][2023-11-19 09:38:21] - Phinx migrations encountered an error.[LOG][][-][StudyPlannerPro\phinx_migrate][54][2023-11-19 09:38:23] - Phinx migrations encountered an error.[LOG][][-][StudyPlannerPro\phinx_migrate][54][2023-11-19 09:38:24] - Phinx migrations encountered an error.[LOG][][-][StudyPlannerPro\phinx_migrate][54][2023-11-19 09:38:25] - Phinx migrations encountered an error.[LOG][][-][StudyPlannerPro\phinx_migrate][54][2023-11-19 09:38:27] - Phinx migrations encountered an error.[LOG][][-][StudyPlannerPro\phinx_migrate][54][2023-11-19 09:38:27] - Phinx migrations encountered an error.[LOG][][-][StudyPlannerPro\phinx_migrate][54][2023-11-19 09:38:28] - Phinx migrations encountered an error.[LOG][][-][StudyPlannerPro\phinx_migrate][54][2023-11-19 09:38:30] - Phinx migrations encountered an error.[LOG][][-][StudyPlannerPro\phinx_migrate][54][2023-11-19 09:38:33] - Phinx migrations encountered an error.[LOG][][-][StudyPlannerPro\phinx_migrate][54][2023-11-19 09:38:55] - Phinx migrations encountered an error.[LOG][][-][StudyPlannerPro\phinx_migrate][54][2023-11-19 09:39:00] - Phinx migrations encountered an error.[LOG][][-][StudyPlannerPro\phinx_migrate][54][2023-11-19 09:39:00] - Phinx migrations encountered an error.[LOG][][-][StudyPlannerPro\phinx_migrate][54][2023-11-19 09:39:00] - Phinx migrations encountered an error.[LOG][][-][StudyPlannerPro\phinx_migrate][54][2023-11-19 09:39:02] - Phinx migrations encountered an error.[LOG][][-][StudyPlannerPro\phinx_migrate][54][2023-11-19 09:39:02] - Phinx migrations encountered an error.[LOG][][-][StudyPlannerPro\phinx_migrate][54][2023-11-19 09:39:04] - Phinx migrations encountered an error.[LOG][][-][StudyPlannerPro\phinx_migrate][54][2023-11-19 09:39:04] - Phinx migrations encountered an error.[LOG][][-][StudyPlannerPro\phinx_migrate][54][2023-11-19 09:39:06] - Phinx migrations encountered an error.[LOG][][-][StudyPlannerPro\phinx_migrate][54][2023-11-19 09:39:06] - Phinx migrations encountered an error.[LOG][][-][StudyPlannerPro\phinx_migrate][54][2023-11-19 09:39:10] - Phinx migrations encountered an error.[LOG][][-][StudyPlannerPro\phinx_migrate][54][2023-11-19 09:40:09] - Phinx migrations encountered an error.[LOG][][-][StudyPlannerPro\phinx_migrate][54][2023-11-19 09:41:29] - Phinx migrations encountered an error.[LOG][][-][StudyPlannerPro\phinx_migrate][54][2023-11-19 09:41:57] - Phinx migrations encountered an error.[LOG][][-][StudyPlannerPro\phinx_migrate][54][2023-11-19 09:42:07] - Phinx migrations encountered an error.[LOG][][-][StudyPlannerPro\phinx_migrate][54][2023-11-19 09:44:32] - Phinx migrations encountered an error.[LOG][][-][StudyPlannerPro\phinx_migrate][54][2023-11-19 09:45:29] - Phinx migrations encountered an error.[LOG][][-][StudyPlannerPro\phinx_migrate][54][2023-11-19 09:46:33] - Phinx migrations encountered an error.[LOG][][-][StudyPlannerPro\phinx_migrate][54][2024-04-22 19:54:11] - Phinx migrations encountered an error.[LOG][][-][StudyPlannerPro\phinx_migrate][54][2024-04-23 18:52:50] - Phinx migrations encountered an error.